0 info it worked if it ends with ok
1 verbose cli [ '/home/boaz/.nvm/versions/v5.2.0/bin/node',
1 verbose cli   '/home/boaz/.nvm/versions/v5.2.0/bin/npm',
1 verbose cli   'start' ]
2 info using npm@3.3.12
3 info using node@v5.2.0
4 verbose run-script [ 'prestart', 'start', 'poststart' ]
5 info lifecycle cloudlog1@0.1.0~prestart: cloudlog1@0.1.0
6 silly lifecycle cloudlog1@0.1.0~prestart: no script for prestart, continuing
7 info lifecycle cloudlog1@0.1.0~start: cloudlog1@0.1.0
8 verbose lifecycle cloudlog1@0.1.0~start: unsafe-perm in lifecycle true
9 verbose lifecycle cloudlog1@0.1.0~start: PATH: /home/boaz/.nvm/versions/v5.2.0/lib/node_modules/npm/bin/node-gyp-bin:/home/boaz/cloudlog1/node_modules/.bin:/home/boaz/bin:/home/boaz/.nvm/versions/v5.2.0/bin:/home/boaz/bin:/usr/local/sbin:/usr/local/bin:/usr/sbin:/usr/bin:/sbin:/bin:/usr/games:/usr/local/games
10 verbose lifecycle cloudlog1@0.1.0~start: CWD: /home/boaz/cloudlog1
11 silly lifecycle cloudlog1@0.1.0~start: Args: [ '-c',
11 silly lifecycle   'docker run -it --rm --link=mongo --link=fakes3 --link=rabbitmq -v $PWD:/project -v /tmp:/tmp -v /var:/var -p 8080:80 brosenan/nodalion npm run-script start-in-container' ]
12 silly lifecycle cloudlog1@0.1.0~start: Returned: code: 1  signal: null
13 info lifecycle cloudlog1@0.1.0~start: Failed to exec start script
14 verbose stack Error: cloudlog1@0.1.0 start: `docker run -it --rm --link=mongo --link=fakes3 --link=rabbitmq -v $PWD:/project -v /tmp:/tmp -v /var:/var -p 8080:80 brosenan/nodalion npm run-script start-in-container`
14 verbose stack Exit status 1
14 verbose stack     at EventEmitter.<anonymous> (/home/boaz/.nvm/versions/v5.2.0/lib/node_modules/npm/lib/utils/lifecycle.js:232:16)
14 verbose stack     at emitTwo (events.js:88:13)
14 verbose stack     at EventEmitter.emit (events.js:173:7)
14 verbose stack     at ChildProcess.<anonymous> (/home/boaz/.nvm/versions/v5.2.0/lib/node_modules/npm/lib/utils/spawn.js:24:14)
14 verbose stack     at emitTwo (events.js:88:13)
14 verbose stack     at ChildProcess.emit (events.js:173:7)
14 verbose stack     at maybeClose (internal/child_process.js:819:16)
14 verbose stack     at Process.ChildProcess._handle.onexit (internal/child_process.js:212:5)
15 verbose pkgid cloudlog1@0.1.0
16 verbose cwd /home/boaz/cloudlog1
17 error Linux 3.19.0-26-generic
18 error argv "/home/boaz/.nvm/versions/v5.2.0/bin/node" "/home/boaz/.nvm/versions/v5.2.0/bin/npm" "start"
19 error node v5.2.0
20 error npm  v3.3.12
21 error code ELIFECYCLE
22 error cloudlog1@0.1.0 start: `docker run -it --rm --link=mongo --link=fakes3 --link=rabbitmq -v $PWD:/project -v /tmp:/tmp -v /var:/var -p 8080:80 brosenan/nodalion npm run-script start-in-container`
22 error Exit status 1
23 error Failed at the cloudlog1@0.1.0 start script 'docker run -it --rm --link=mongo --link=fakes3 --link=rabbitmq -v $PWD:/project -v /tmp:/tmp -v /var:/var -p 8080:80 brosenan/nodalion npm run-script start-in-container'.
23 error Make sure you have the latest version of node.js and npm installed.
23 error If you do, this is most likely a problem with the cloudlog1 package,
23 error not with npm itself.
23 error Tell the author that this fails on your system:
23 error     docker run -it --rm --link=mongo --link=fakes3 --link=rabbitmq -v $PWD:/project -v /tmp:/tmp -v /var:/var -p 8080:80 brosenan/nodalion npm run-script start-in-container
23 error You can get their info via:
23 error     npm owner ls cloudlog1
23 error There is likely additional logging output above.
24 verbose exit [ 1, true ]
